2022-01-16 05:26:32,847  INFO [main] outstationStepDef:14 - URL Opened
2022-01-16 05:26:37,772  INFO [main] outstationStepDef:14 - car rental is clicked in page rental
2022-01-16 05:26:46,929  INFO [main] outstationStepDef:14 - name is clicked in page name
2022-01-16 05:26:49,065  INFO [main] outstationStepDef:14 - name is send in page name
2022-01-16 05:26:50,620  INFO [main] outstationStepDef:14 - company name is clicked in page compname
2022-01-16 05:26:51,768  INFO [main] outstationStepDef:14 - company name is send in page compname
2022-01-16 05:26:54,181  INFO [main] outstationStepDef:14 - email is clicked in page email
2022-01-16 05:26:55,455  INFO [main] outstationStepDef:14 - email is send in page email
2022-01-16 05:26:56,780  INFO [main] outstationStepDef:14 - phone no is clicked in page phoneno
2022-01-16 05:26:58,131  INFO [main] outstationStepDef:14 - phone no is send in page phoneno
2022-01-16 05:27:00,586  INFO [main] outstationStepDef:14 - submit is clicked in page submit
2022-01-16 05:27:22,015  INFO [main] outstationStepDef:14 - result detail shown 
2022-01-16 05:27:24,555  INFO [main] outstationStepDef:14 - home page is clicked in page home page
2022-01-16 05:27:46,486  INFO [main] validpageStepDef:14 - URL Opened
2022-01-16 05:27:49,479  INFO [main] validpageStepDef:14 - One way cab is clicked in page onewaycab
2022-01-16 05:28:03,684  INFO [main] validpageStepDef:14 - chennaitab is clicked in page chennai
2022-01-16 05:28:06,799  INFO [main] validpageStepDef:14 - trl is clicked in page trl
2022-01-16 05:28:17,454  INFO [main] validpageStepDef:14 - home page is clicked in page home page
2022-01-16 05:28:42,542  INFO [main] validpageStepDef:14 - URL Opened
2022-01-16 05:28:45,574  INFO [main] validpageStepDef:14 - signin is clicked in page home page
2022-01-16 05:28:52,160  INFO [main] validpageStepDef:14 - Email field is send in page Account Log in
2022-01-16 05:28:53,495  INFO [main] validpageStepDef:14 - password field is send in page Account Log in
2022-01-16 05:28:54,503  INFO [main] validpageStepDef:14 - sign in button is clicked in page Account Log in
2022-01-16 05:28:55,384  INFO [main] validpageStepDef:14 - Successfully logged in
2022-01-16 05:29:17,088  INFO [main] outstationStepDef:14 - URL Opened
2022-01-16 05:29:18,698  INFO [main] outstationStepDef:14 - signin is clicked in page home page
2022-01-16 05:29:24,850  INFO [main] outstationStepDef:14 - Email field is send in page Account Log in
2022-01-16 05:29:25,719  INFO [main] outstationStepDef:14 - password field is send in page Account Log in
2022-01-16 05:29:26,639  INFO [main] outstationStepDef:14 - sign in button is clicked in page Account Log in
2022-01-16 05:29:27,682  INFO [main] outstationStepDef:14 - img is clicked in page img
2022-01-16 05:29:30,803  INFO [main] outstationStepDef:14 - bookings is clicked in page bookings
2022-01-16 05:29:34,263  INFO [main] outstationStepDef:14 - cancelled is clicked in page cancelled
2022-01-16 05:29:36,861  INFO [main] outstationStepDef:14 - completed is clicked in page completed
2022-01-16 05:29:39,981  INFO [main] outstationStepDef:14 - booknow is clicked in page booknow
2022-01-16 05:29:42,793  INFO [main] outstationStepDef:14 - img is clicked in page img
2022-01-16 05:29:45,968  INFO [main] outstationStepDef:14 - accountsetting is clicked in page accountsetting
2022-01-16 05:29:49,538  INFO [main] outstationStepDef:14 - home is clicked in page home
2022-01-16 05:29:52,511  INFO [main] outstationStepDef:14 - img is clicked in page img
2022-01-16 05:29:55,632  INFO [main] outstationStepDef:14 - logout is clicked in page logout
2022-01-16 05:29:56,412  INFO [main] outstationStepDef:14 - Signed out sucessfully 
2022-01-16 05:30:11,937  INFO [main] validpageStepDef:14 - URL Opened
2022-01-16 05:30:13,644  INFO [main] validpageStepDef:14 - airport is clicked in page airport
2022-01-16 05:30:15,478  INFO [main] validpageStepDef:14 - from place is clicked in page from
2022-01-16 05:30:16,729  INFO [main] validpageStepDef:14 - place is send in page from
2022-01-16 05:30:17,768  INFO [main] validpageStepDef:14 - from is clicked in page from
2022-01-16 05:30:19,664  INFO [main] validpageStepDef:14 - dropaddress is clicked in page address
2022-01-16 05:30:20,641  INFO [main] validpageStepDef:14 - dropaddress is send in page address
2022-01-16 05:30:25,946  INFO [main] validpageStepDef:14 - dropaddress is clicked in page address
2022-01-16 05:30:29,549  INFO [main] validpageStepDef:14 - selected is clicked in page select
2022-01-16 05:30:32,794  INFO [main] validpageStepDef:14 - select car is clicked in page select
2022-01-16 05:30:39,876  INFO [main] validpageStepDef:14 - booking detail shown 
2022-01-16 05:30:41,413  INFO [main] validpageStepDef:14 - home page is clicked in page home page
2022-01-16 05:30:56,447  INFO [main] downloadappStepDef:14 - URL Opened
2022-01-16 05:30:57,895  INFO [main] downloadappStepDef:14 - playstore is clicked in page playstore
2022-01-16 05:31:04,277  INFO [main] downloadappStepDef:14 - playsrore detail shown 
2022-01-16 05:31:05,472  INFO [main] downloadappStepDef:14 - home page is clicked in page home page
2022-01-16 05:31:22,276  INFO [main] validpageStepDef:14 - URL Opened
2022-01-16 05:31:23,724  INFO [main] validpageStepDef:14 - local is clicked in page local
2022-01-16 05:31:24,936  INFO [main] validpageStepDef:14 - from place is clicked in page from
2022-01-16 05:31:26,147  INFO [main] validpageStepDef:14 - place is send in page from
2022-01-16 05:31:29,710  INFO [main] validpageStepDef:14 - selected is clicked in page select
2022-01-16 05:31:32,561  INFO [main] validpageStepDef:14 - time is clicked in page time
2022-01-16 05:31:34,168  INFO [main] validpageStepDef:14 - select car is clicked in page select
2022-01-16 05:31:35,760  INFO [main] validpageStepDef:14 - booking detail shown 
2022-01-16 05:31:36,815  INFO [main] validpageStepDef:14 - home page is clicked in page home page
2022-01-16 05:31:53,115  INFO [main] outstationStepDef:14 - URL Opened
2022-01-16 05:31:54,567  INFO [main] outstationStepDef:14 - from place is clicked in page from
2022-01-16 05:31:56,073  INFO [main] outstationStepDef:14 - place is send in page from
2022-01-16 05:31:57,139  INFO [main] outstationStepDef:14 - place is clicked in page to
2022-01-16 05:31:58,532  INFO [main] outstationStepDef:14 - place is send in page to
2022-01-16 05:31:59,555  INFO [main] outstationStepDef:14 - place is clicked in page to
2022-01-16 05:32:05,337  INFO [main] outstationStepDef:14 - selected is clicked in page select
2022-01-16 05:32:07,788  INFO [main] outstationStepDef:14 - Successfully verified
2022-01-16 05:32:10,965  INFO [main] outstationStepDef:14 - home page is clicked in page home page
2022-01-16 05:32:27,577  INFO [main] validpageStepDef:14 - URL Opened
2022-01-16 05:32:31,071  INFO [main] validpageStepDef:14 - round is clicked in page round
2022-01-16 05:32:32,187  INFO [main] validpageStepDef:14 - from place is clicked in page from
2022-01-16 05:32:33,325  INFO [main] validpageStepDef:14 - place is send in page from
2022-01-16 05:32:34,444  INFO [main] validpageStepDef:14 - place is clicked in page to
2022-01-16 05:32:35,667  INFO [main] validpageStepDef:14 - place is send in page to
2022-01-16 05:32:36,734  INFO [main] validpageStepDef:14 - place is clicked in page to
2022-01-16 05:32:42,341  INFO [main] validpageStepDef:14 - selected is clicked in page select
2022-01-16 05:32:45,763  INFO [main] validpageStepDef:14 - select car is clicked in page select
2022-01-16 05:32:47,500  INFO [main] validpageStepDef:14 - booking detail shown 
2022-01-16 05:32:48,748  INFO [main] validpageStepDef:14 - home page is clicked in page home page
2022-01-16 05:33:08,905  INFO [main] validpageStepDef:14 - URL Opened
2022-01-16 05:33:09,968  INFO [main] validpageStepDef:14 - Page opend with title Book Outstation Cabs, Local & Airport Taxi Service - India's Leading Car Rentals
