2022-01-16 04:53:13,124  INFO [main] outstationStepDef:14 - URL Opened
2022-01-16 04:53:15,364  INFO [main] outstationStepDef:14 - car rental is clicked in page rental
2022-01-16 04:53:23,009  INFO [main] outstationStepDef:14 - name is clicked in page name
2022-01-16 04:53:24,618  INFO [main] outstationStepDef:14 - name is send in page name
2022-01-16 04:53:26,044  INFO [main] outstationStepDef:14 - company name is clicked in page compname
2022-01-16 04:53:27,255  INFO [main] outstationStepDef:14 - company name is send in page compname
2022-01-16 04:53:28,604  INFO [main] outstationStepDef:14 - email is clicked in page email
2022-01-16 04:53:29,906  INFO [main] outstationStepDef:14 - email is send in page email
2022-01-16 04:53:31,475  INFO [main] outstationStepDef:14 - phone no is clicked in page phoneno
2022-01-16 04:53:32,878  INFO [main] outstationStepDef:14 - phone no is send in page phoneno
2022-01-16 04:53:34,967  INFO [main] outstationStepDef:14 - submit is clicked in page submit
2022-01-16 04:53:56,429  INFO [main] outstationStepDef:14 - result detail shown 
2022-01-16 04:53:58,068  INFO [main] outstationStepDef:14 - home page is clicked in page home page
2022-01-16 04:54:23,714  INFO [main] validpageStepDef:14 - URL Opened
2022-01-16 04:54:25,569  INFO [main] validpageStepDef:14 - One way cab is clicked in page onewaycab
2022-01-16 04:54:39,796  INFO [main] validpageStepDef:14 - chennaitab is clicked in page chennai
2022-01-16 04:54:42,837  INFO [main] validpageStepDef:14 - trl is clicked in page trl
2022-01-16 04:54:53,257  INFO [main] validpageStepDef:14 - home page is clicked in page home page
2022-01-16 04:55:12,473  INFO [main] validpageStepDef:14 - URL Opened
2022-01-16 04:55:14,113  INFO [main] validpageStepDef:14 - signin is clicked in page home page
2022-01-16 04:55:20,577  INFO [main] validpageStepDef:14 - Email field is send in page Account Log in
2022-01-16 04:55:21,471  INFO [main] validpageStepDef:14 - password field is send in page Account Log in
2022-01-16 04:55:22,411  INFO [main] validpageStepDef:14 - sign in button is clicked in page Account Log in
2022-01-16 04:55:23,160  INFO [main] validpageStepDef:14 - Successfully logged in
2022-01-16 04:55:41,983  INFO [main] outstationStepDef:14 - URL Opened
2022-01-16 04:55:43,967  INFO [main] outstationStepDef:14 - signin is clicked in page home page
2022-01-16 04:55:50,109  INFO [main] outstationStepDef:14 - Email field is send in page Account Log in
2022-01-16 04:55:50,936  INFO [main] outstationStepDef:14 - password field is send in page Account Log in
2022-01-16 04:55:51,915  INFO [main] outstationStepDef:14 - sign in button is clicked in page Account Log in
2022-01-16 04:55:52,984  INFO [main] outstationStepDef:14 - img is clicked in page img
2022-01-16 04:55:56,121  INFO [main] outstationStepDef:14 - bookings is clicked in page bookings
2022-01-16 04:55:59,978  INFO [main] outstationStepDef:14 - cancelled is clicked in page cancelled
2022-01-16 04:56:02,570  INFO [main] outstationStepDef:14 - completed is clicked in page completed
2022-01-16 04:56:05,725  INFO [main] outstationStepDef:14 - booknow is clicked in page booknow
2022-01-16 04:56:08,469  INFO [main] outstationStepDef:14 - img is clicked in page img
2022-01-16 04:56:11,583  INFO [main] outstationStepDef:14 - accountsetting is clicked in page accountsetting
2022-01-16 04:56:15,193  INFO [main] outstationStepDef:14 - home is clicked in page home
2022-01-16 04:56:18,108  INFO [main] outstationStepDef:14 - img is clicked in page img
2022-01-16 04:56:21,229  INFO [main] outstationStepDef:14 - logout is clicked in page logout
2022-01-16 04:56:22,015  INFO [main] outstationStepDef:14 - Signed out sucessfully 
2022-01-16 04:56:41,906  INFO [main] validpageStepDef:14 - URL Opened
2022-01-16 04:56:43,512  INFO [main] validpageStepDef:14 - airport is clicked in page airport
2022-01-16 04:56:45,186  INFO [main] validpageStepDef:14 - from place is clicked in page from
2022-01-16 04:56:46,261  INFO [main] validpageStepDef:14 - place is send in page from
2022-01-16 04:56:47,396  INFO [main] validpageStepDef:14 - from is clicked in page from
2022-01-16 04:56:49,299  INFO [main] validpageStepDef:14 - dropaddress is clicked in page address
2022-01-16 04:56:50,386  INFO [main] validpageStepDef:14 - dropaddress is send in page address
2022-01-16 04:56:55,713  INFO [main] validpageStepDef:14 - dropaddress is clicked in page address
2022-01-16 04:56:59,369  INFO [main] validpageStepDef:14 - selected is clicked in page select
2022-01-16 04:57:03,103  INFO [main] validpageStepDef:14 - select car is clicked in page select
2022-01-16 04:57:10,440  INFO [main] validpageStepDef:14 - booking detail shown 
2022-01-16 04:57:11,546  INFO [main] validpageStepDef:14 - home page is clicked in page home page
2022-01-16 04:57:34,734  INFO [main] downloadappStepDef:14 - URL Opened
2022-01-16 04:57:36,347  INFO [main] downloadappStepDef:14 - playstore is clicked in page playstore
2022-01-16 04:57:47,673  INFO [main] downloadappStepDef:14 - playsrore detail shown 
2022-01-16 04:57:48,893  INFO [main] downloadappStepDef:14 - home page is clicked in page home page
2022-01-16 04:58:06,276  INFO [main] validpageStepDef:14 - URL Opened
2022-01-16 04:58:07,804  INFO [main] validpageStepDef:14 - local is clicked in page local
2022-01-16 04:58:09,005  INFO [main] validpageStepDef:14 - from place is clicked in page from
2022-01-16 04:58:10,286  INFO [main] validpageStepDef:14 - place is send in page from
2022-01-16 04:58:13,800  INFO [main] validpageStepDef:14 - selected is clicked in page select
2022-01-16 04:58:16,650  INFO [main] validpageStepDef:14 - time is clicked in page time
2022-01-16 04:58:18,375  INFO [main] validpageStepDef:14 - select car is clicked in page select
2022-01-16 04:58:19,840  INFO [main] validpageStepDef:14 - booking detail shown 
2022-01-16 04:58:21,106  INFO [main] validpageStepDef:14 - home page is clicked in page home page
2022-01-16 04:58:37,106  INFO [main] outstationStepDef:14 - URL Opened
2022-01-16 04:58:38,485  INFO [main] outstationStepDef:14 - from place is clicked in page from
2022-01-16 04:58:39,932  INFO [main] outstationStepDef:14 - place is send in page from
2022-01-16 04:58:41,042  INFO [main] outstationStepDef:14 - place is clicked in page to
2022-01-16 04:58:42,247  INFO [main] outstationStepDef:14 - place is send in page to
2022-01-16 04:58:43,297  INFO [main] outstationStepDef:14 - place is clicked in page to
2022-01-16 04:58:49,211  INFO [main] outstationStepDef:14 - selected is clicked in page select
2022-01-16 04:58:51,678  INFO [main] outstationStepDef:14 - Successfully verified
2022-01-16 04:58:54,871  INFO [main] outstationStepDef:14 - home page is clicked in page home page
2022-01-16 04:59:15,204  INFO [main] validpageStepDef:14 - URL Opened
2022-01-16 04:59:18,624  INFO [main] validpageStepDef:14 - round is clicked in page round
2022-01-16 04:59:19,766  INFO [main] validpageStepDef:14 - from place is clicked in page from
2022-01-16 04:59:20,825  INFO [main] validpageStepDef:14 - place is send in page from
2022-01-16 04:59:21,885  INFO [main] validpageStepDef:14 - place is clicked in page to
2022-01-16 04:59:23,161  INFO [main] validpageStepDef:14 - place is send in page to
2022-01-16 04:59:24,250  INFO [main] validpageStepDef:14 - place is clicked in page to
2022-01-16 04:59:29,992  INFO [main] validpageStepDef:14 - selected is clicked in page select
2022-01-16 04:59:33,799  INFO [main] validpageStepDef:14 - select car is clicked in page select
2022-01-16 04:59:35,643  INFO [main] validpageStepDef:14 - booking detail shown 
2022-01-16 04:59:36,952  INFO [main] validpageStepDef:14 - home page is clicked in page home page
2022-01-16 04:59:53,780  INFO [main] validpageStepDef:14 - URL Opened
2022-01-16 04:59:54,880  INFO [main] validpageStepDef:14 - Page opend with title Book Outstation Cabs, Local & Airport Taxi Service - India's Leading Car Rentals
